# JRE version: OpenJDK Runtime Environment (17.0.10) (build 17.0.10+0--11609105)
# Java VM: OpenJDK 64-Bit Server VM (17.0.10+0--11609105, mixed mode, tiered, compressed oops, compressed class ptrs, g1 gc, windows-amd64)
GC Precious Log:
 CPUs: 4 total, 4 available
 Memory: 12194M
 Large Page Support: Disabled
 NUMA Support: Disabled
 Compressed Oops: Enabled (32-bit)
 Heap Region Size: 1M
 Heap Min Capacity: 8M
 Heap Initial Capacity: 192M
 Heap Max Capacity: 2G
 Pre-touch: Disabled
 Parallel Workers: 4
 Concurrent Workers: 1
 Concurrent Refinement Workers: 4
 Periodic GC: Disabled
Heap:
 garbage-first heap   total 464896K, used 395185K [0x0000000080000000, 0x0000000100000000)
  region size 1024K, 2 young (2048K), 2 survivors (2048K)
 Metaspace       used 228802K, committed 230016K, reserved 1310720K
  class space    used 28900K, committed 29504K, reserved 1048576K
GC Heap History (20 events):
Event: 1026.076 GC heap after
{Heap after GC invocations=193 (full 0):
 garbage-first heap   total 464896K, used 387952K [0x0000000080000000, 0x0000000100000000)
  region size 1024K, 4 young (4096K), 4 survivors (4096K)
 Metaspace       used 228791K, committed 230016K, reserved 1310720K
  class space    used 28898K, committed 29504K, reserved 1048576K
}
Event: 1026.161 GC heap before
{Heap before GC invocations=193 (full 0):
 garbage-first heap   total 464896K, used 410480K [0x0000000080000000, 0x0000000100000000)
  region size 1024K, 27 young (27648K), 4 survivors (4096K)
 Metaspace       used 228792K, committed 230016K, reserved 1310720K
  class space    used 28898K, committed 29504K, reserved 1048576K
}
Event: 1026.172 GC heap after
{Heap after GC invocations=194 (full 0):
 garbage-first heap   total 464896K, used 390171K [0x0000000080000000, 0x0000000100000000)
  region size 1024K, 3 young (3072K), 3 survivors (3072K)
 Metaspace       used 228792K, committed 230016K, reserved 1310720K
  class space    used 28898K, committed 29504K, reserved 1048576K
}
Event: 1026.255 GC heap before
{Heap before GC invocations=194 (full 0):
 garbage-first heap   total 464896K, used 409627K [0x0000000080000000, 0x0000000100000000)
  region size 1024K, 23 young (23552K), 3 survivors (3072K)
 Metaspace       used 228793K, committed 230016K, reserved 1310720K
  class space    used 28898K, committed 29504K, reserved 1048576K
}
Event: 1026.268 GC heap after
{Heap after GC invocations=195 (full 0):
 garbage-first heap   total 464896K, used 393526K [0x0000000080000000, 0x0000000100000000)
  region size 1024K, 3 young (3072K), 3 survivors (3072K)
 Metaspace       used 228793K, committed 230016K, reserved 1310720K
  class space    used 28898K, committed 29504K, reserved 1048576K
}
Event: 1026.419 GC heap before
{Heap before GC invocations=195 (full 0):
 garbage-first heap   total 464896K, used 411958K [0x0000000080000000, 0x0000000100000000)
  region size 1024K, 22 young (22528K), 3 survivors (3072K)
 Metaspace       used 228793K, committed 230016K, reserved 1310720K
  class space    used 28898K, committed 29504K, reserved 1048576K
}
Event: 1026.424 GC heap after
{Heap after GC invocations=196 (full 0):
 garbage-first heap   total 464896K, used 394254K [0x0000000080000000, 0x0000000100000000)
  region size 1024K, 1 young (1024K), 1 survivors (1024K)
 Metaspace       used 228793K, committed 230016K, reserved 1310720K
  class space    used 28898K, committed 29504K, reserved 1048576K
}
Event: 1026.538 GC heap before
{Heap before GC invocations=196 (full 0):
 garbage-first heap   total 464896K, used 415758K [0x0000000080000000, 0x0000000100000000)
  region size 1024K, 22 young (22528K), 1 survivors (1024K)
 Metaspace       used 228797K, committed 230016K, reserved 1310720K
  class space    used 28900K, committed 29504K, reserved 1048576K
}
Event: 1026.540 GC heap after
{Heap after GC invocations=197 (full 0):
 garbage-first heap   total 464896K, used 394108K [0x0000000080000000, 0x0000000100000000)
  region size 1024K, 1 young (1024K), 1 survivors (1024K)
 Metaspace       used 228797K, committed 230016K, reserved 1310720K
  class space    used 28900K, committed 29504K, reserved 1048576K
}
Event: 1026.667 GC heap before
{Heap before GC invocations=197 (full 0):
 garbage-first heap   total 464896K, used 414588K [0x0000000080000000, 0x0000000100000000)
  region size 1024K, 22 young (22528K), 1 survivors (1024K)
 Metaspace       used 228801K, committed 230016K, reserved 1310720K
  class space    used 28900K, committed 29504K, reserved 1048576K
}
Event: 1026.670 GC heap after
{Heap after GC invocations=198 (full 0):
 garbage-first heap   total 464896K, used 395635K [0x0000000080000000, 0x0000000100000000)
  region size 1024K, 2 young (2048K), 2 survivors (2048K)
 Metaspace       used 228801K, committed 230016K, reserved 1310720K
  class space    used 28900K, committed 29504K, reserved 1048576K
}
Event: 1026.775 GC heap before
{Heap before GC invocations=198 (full 0):
 garbage-first heap   total 464896K, used 416115K [0x0000000080000000, 0x0000000100000000)
  region size 1024K, 22 young (22528K), 2 survivors (2048K)
 Metaspace       used 228801K, committed 230016K, reserved 1310720K
  class space    used 28900K, committed 29504K, reserved 1048576K
}
Event: 1026.777 GC heap after
{Heap after GC invocations=199 (full 0):
 garbage-first heap   total 464896K, used 394418K [0x0000000080000000, 0x0000000100000000)
  region size 1024K, 1 young (1024K), 1 survivors (1024K)
 Metaspace       used 228801K, committed 230016K, reserved 1310720K
  class space    used 28900K, committed 29504K, reserved 1048576K
}
Event: 1026.914 GC heap before
{Heap before GC invocations=199 (full 0):
 garbage-first heap   total 464896K, used 414898K [0x0000000080000000, 0x0000000100000000)
  region size 1024K, 22 young (22528K), 1 survivors (1024K)
 Metaspace       used 228801K, committed 230016K, reserved 1310720K
  class space    used 28900K, committed 29504K, reserved 1048576K
}
Event: 1026.917 GC heap after
{Heap after GC invocations=200 (full 0):
 garbage-first heap   total 464896K, used 394536K [0x0000000080000000, 0x0000000100000000)
  region size 1024K, 1 young (1024K), 1 survivors (1024K)
 Metaspace       used 228801K, committed 230016K, reserved 1310720K
  class space    used 28900K, committed 29504K, reserved 1048576K
}
Event: 1027.042 GC heap before
{Heap before GC invocations=200 (full 0):
 garbage-first heap   total 464896K, used 416040K [0x0000000080000000, 0x0000000100000000)
  region size 1024K, 22 young (22528K), 1 survivors (1024K)
 Metaspace       used 228801K, committed 230016K, reserved 1310720K
  class space    used 28900K, committed 29504K, reserved 1048576K
}
Event: 1027.044 GC heap after
{Heap after GC invocations=201 (full 0):
 garbage-first heap   total 464896K, used 394696K [0x0000000080000000, 0x0000000100000000)
  region size 1024K, 1 young (1024K), 1 survivors (1024K)
 Metaspace       used 228801K, committed 230016K, reserved 1310720K
  class space    used 28900K, committed 29504K, reserved 1048576K
}
Event: 1027.202 GC heap before
{Heap before GC invocations=201 (full 0):
 garbage-first heap   total 464896K, used 415176K [0x0000000080000000, 0x0000000100000000)
  region size 1024K, 22 young (22528K), 1 survivors (1024K)
 Metaspace       used 228802K, committed 230016K, reserved 1310720K
  class space    used 28900K, committed 29504K, reserved 1048576K
}
Event: 1027.205 GC heap after
{Heap after GC invocations=202 (full 0):
 garbage-first heap   total 464896K, used 394938K [0x0000000080000000, 0x0000000100000000)
  region size 1024K, 1 young (1024K), 1 survivors (1024K)
 Metaspace       used 228802K, committed 230016K, reserved 1310720K
  class space    used 28900K, committed 29504K, reserved 1048576K
}
Event: 1027.300 GC heap before
{Heap before GC invocations=202 (full 0):
 garbage-first heap   total 464896K, used 416442K [0x0000000080000000, 0x0000000100000000)
  region size 1024K, 22 young (22528K), 1 survivors (1024K)
 Metaspace       used 228802K, committed 230016K, reserved 1310720K
  class space    used 28900K, committed 29504K, reserved 1048576K
}

